2025-07-31T17:40:02.502Z [ERROR]: Login user error: Invalid password {"stack":"Error: Invalid password\n    at Object.login (/app/src/services/auth.services.js:28:21)\n    at async login (/app/src/controllers/auth.controllers.js:21:22)"}
2025-08-01T14:41:15.560Z [ERROR]: getUsersList for query: undefined 
2025-08-01T14:41:15.564Z [ERROR]: getUsersList user error: logger is not defined {"stack":"ReferenceError: logger is not defined\n    at Object.getUsersListByQuery (/app/src/services/users.services.js:4:3)\n    at getUsersList (/app/src/controllers/users.controllers.js:10:43)\n    at Layer.handle [as handle_request] (/app/node_modules/express/lib/router/layer.js:95:5)\n    at next (/app/node_modules/express/lib/router/route.js:149:13)\n    at authenticateJWT (/app/src/middlewares/authenticate.js:19:5)\n    at Layer.handle [as handle_request] (/app/node_modules/express/lib/router/layer.js:95:5)\n    at next (/app/node_modules/express/lib/router/route.js:149:13)\n    at Route.dispatch (/app/node_modules/express/lib/router/route.js:119:3)\n    at Layer.handle [as handle_request] (/app/node_modules/express/lib/router/layer.js:95:5)\n    at /app/node_modules/express/lib/router/index.js:284:15"}
2025-08-01T14:41:34.353Z [ERROR]: getUsersList for query: undefined 
2025-08-01T14:41:34.354Z [ERROR]: get users list by name service: undefined 
2025-08-01T14:41:34.355Z [ERROR]: query users by first name and last name for: undefined 
2025-08-01T14:43:08.154Z [ERROR]: getUsersList for query:  
2025-08-01T14:43:08.156Z [ERROR]: get users list by name service:  
2025-08-01T14:43:08.157Z [ERROR]: query users by first name and last name for:  
2025-08-01T14:43:14.444Z [ERROR]: getUsersList for query:  
2025-08-01T14:43:14.445Z [ERROR]: get users list by name service:  
2025-08-01T14:43:14.445Z [ERROR]: query users by first name and last name for:  
2025-08-01T15:21:23.566Z [ERROR]: getUsersList for query: admin 
2025-08-01T15:21:23.567Z [ERROR]: get users list by name service: admin 
2025-08-01T15:21:23.568Z [ERROR]: query users by first name and last name for: admin 
2025-08-01T15:21:27.094Z [ERROR]: getUsersList for query: ad 
2025-08-01T15:21:27.095Z [ERROR]: get users list by name service: ad 
2025-08-01T15:21:27.095Z [ERROR]: query users by first name and last name for: ad 
2025-08-01T15:22:43.776Z [ERROR]: getUsersList for query: dhun 
2025-08-01T15:22:43.776Z [ERROR]: get users list by name service: dhun 
2025-08-01T15:22:43.777Z [ERROR]: query users by first name and last name for: dhun 
2025-08-01T15:22:46.572Z [ERROR]: getUsersList for query: dhungel 
2025-08-01T15:22:46.572Z [ERROR]: get users list by name service: dhungel 
2025-08-01T15:22:46.572Z [ERROR]: query users by first name and last name for: dhungel 
2025-08-01T15:22:50.244Z [ERROR]: getUsersList for query: prat 
2025-08-01T15:22:50.244Z [ERROR]: get users list by name service: prat 
2025-08-01T15:22:50.244Z [ERROR]: query users by first name and last name for: prat 
2025-08-06T11:17:51.476Z [ERROR]: Login user error: User with email does not exist {"stack":"Error: User with email does not exist\n    at Object.login (/app/src/services/auth.services.js:25:20)\n    at process.processTicksAndRejections (node:internal/process/task_queues:95:5)\n    at async login (/app/src/controllers/auth.controllers.js:21:22)"}
2025-08-08T03:23:19.438Z [ERROR]: getUsersFinancialSummary error: bind message supplies 1 parameters, but prepared statement "" requires 0 {"stack":"error: bind message supplies 1 parameters, but prepared statement \"\" requires 0\n    at /app/node_modules/pg-pool/index.js:45:11\n    at process.processTicksAndRejections (node:internal/process/task_queues:95:5)\n    at async Object.calculateUserFinancialSummary (/app/src/models/user.models.js:56:15)\n    at async Object.getFinancialSummaryByUserId (/app/src/services/users.services.js:19:28)\n    at async getUsersFinancialSummary (/app/src/controllers/users.controllers.js:27:23)"}
2025-08-08T11:05:06.599Z [ERROR]: Login user error: User with email does not exist {"stack":"Error: User with email does not exist\n    at Object.login (/app/src/services/auth.services.js:25:20)\n    at process.processTicksAndRejections (node:internal/process/task_queues:95:5)\n    at async login (/app/src/controllers/auth.controllers.js:21:22)"}
2025-08-08T11:07:58.034Z [ERROR]: Login user error: User with email does not exist {"stack":"Error: User with email does not exist\n    at Object.login (/app/src/services/auth.services.js:25:20)\n    at process.processTicksAndRejections (node:internal/process/task_queues:95:5)\n    at async login (/app/src/controllers/auth.controllers.js:21:22)"}
2025-08-08T11:08:10.631Z [ERROR]: Login user error: User with email does not exist {"stack":"Error: User with email does not exist\n    at Object.login (/app/src/services/auth.services.js:25:20)\n    at process.processTicksAndRejections (node:internal/process/task_queues:95:5)\n    at async login (/app/src/controllers/auth.controllers.js:21:22)"}
2025-08-09T15:34:59.131Z [ERROR]: getUsersFinancialSummary error: bind message supplies 1 parameters, but prepared statement "" requires 0 {"stack":"error: bind message supplies 1 parameters, but prepared statement \"\" requires 0\n    at /app/node_modules/pg-pool/index.js:45:11\n    at process.processTicksAndRejections (node:internal/process/task_queues:95:5)\n    at async Object.findAllPaymentsForUserByMonth (/app/src/models/rentalPayments.models.js:56:15)\n    at async Object.getFinancialSummaryByUserId (/app/src/services/users.services.js:24:31)\n    at async getUsersFinancialSummary (/app/src/controllers/users.controllers.js:27:23)"}
2025-08-13T06:12:33.971Z [ERROR]: Error fetching file from subpabase: photos-project/1755065552381-2b1f3641-4b58-4257-81e5-affc1a818949 
2025-08-13T06:14:54.715Z [ERROR]: Error fetching file from supabase: photos-project/1755065693131-bae8d8a0-8cc4-4999-a21e-9a4ab419b124 
2025-08-13T07:49:58.826Z [ERROR]: Successfully uploaded file to bucket 
2025-08-13T08:05:25.165Z [ERROR]: Login user error: signedFileUrl is not defined {"stack":"ReferenceError: signedFileUrl is not defined\n    at Object.login (/app/src/services/auth.services.js:51:41)\n    at process.processTicksAndRejections (node:internal/process/task_queues:95:5)\n    at async login (/app/src/controllers/auth.controllers.js:21:22)"}
2025-08-13T08:06:27.805Z [ERROR]: Error fetching signed profile picture url during login 
2025-08-13T08:53:15.487Z [ERROR]: Successfully uploaded file to bucket 
2025-08-13T08:54:23.484Z [ERROR]: Successfully uploaded file to bucket 
2025-08-13T10:58:28.426Z [ERROR]: Register user error: null value in column "first_name" of relation "users" violates not-null constraint {"stack":"error: null value in column \"first_name\" of relation \"users\" violates not-null constraint\n    at /app/node_modules/pg-pool/index.js:45:11\n    at process.processTicksAndRejections (node:internal/process/task_queues:95:5)\n    at async createUser (/app/src/models/user.models.js:15:15)\n    at async Object.register (/app/src/services/auth.services.js:19:16)\n    at async register (/app/src/controllers/auth.controllers.js:18:29)"}
2025-08-13T10:58:29.078Z [ERROR]: Register user error: null value in column "first_name" of relation "users" violates not-null constraint {"stack":"error: null value in column \"first_name\" of relation \"users\" violates not-null constraint\n    at /app/node_modules/pg-pool/index.js:45:11\n    at process.processTicksAndRejections (node:internal/process/task_queues:95:5)\n    at async createUser (/app/src/models/user.models.js:15:15)\n    at async Object.register (/app/src/services/auth.services.js:19:16)\n    at async register (/app/src/controllers/auth.controllers.js:18:29)"}
2025-08-13T10:58:29.227Z [ERROR]: Register user error: null value in column "first_name" of relation "users" violates not-null constraint {"stack":"error: null value in column \"first_name\" of relation \"users\" violates not-null constraint\n    at /app/node_modules/pg-pool/index.js:45:11\n    at process.processTicksAndRejections (node:internal/process/task_queues:95:5)\n    at async createUser (/app/src/models/user.models.js:15:15)\n    at async Object.register (/app/src/services/auth.services.js:19:16)\n    at async register (/app/src/controllers/auth.controllers.js:18:29)"}
2025-08-13T10:58:29.421Z [ERROR]: Register user error: null value in column "first_name" of relation "users" violates not-null constraint {"stack":"error: null value in column \"first_name\" of relation \"users\" violates not-null constraint\n    at /app/node_modules/pg-pool/index.js:45:11\n    at process.processTicksAndRejections (node:internal/process/task_queues:95:5)\n    at async createUser (/app/src/models/user.models.js:15:15)\n    at async Object.register (/app/src/services/auth.services.js:19:16)\n    at async register (/app/src/controllers/auth.controllers.js:18:29)"}
2025-08-13T10:59:52.686Z [ERROR]: Register user error: null value in column "first_name" of relation "users" violates not-null constraint {"stack":"error: null value in column \"first_name\" of relation \"users\" violates not-null constraint\n    at /app/node_modules/pg-pool/index.js:45:11\n    at process.processTicksAndRejections (node:internal/process/task_queues:95:5)\n    at async createUser (/app/src/models/user.models.js:15:15)\n    at async Object.register (/app/src/services/auth.services.js:19:16)\n    at async register (/app/src/controllers/auth.controllers.js:18:29)"}
2025-08-13T10:59:53.587Z [ERROR]: Register user error: null value in column "first_name" of relation "users" violates not-null constraint {"stack":"error: null value in column \"first_name\" of relation \"users\" violates not-null constraint\n    at /app/node_modules/pg-pool/index.js:45:11\n    at process.processTicksAndRejections (node:internal/process/task_queues:95:5)\n    at async createUser (/app/src/models/user.models.js:15:15)\n    at async Object.register (/app/src/services/auth.services.js:19:16)\n    at async register (/app/src/controllers/auth.controllers.js:18:29)"}
2025-08-13T10:59:53.999Z [ERROR]: Register user error: null value in column "first_name" of relation "users" violates not-null constraint {"stack":"error: null value in column \"first_name\" of relation \"users\" violates not-null constraint\n    at /app/node_modules/pg-pool/index.js:45:11\n    at process.processTicksAndRejections (node:internal/process/task_queues:95:5)\n    at async createUser (/app/src/models/user.models.js:15:15)\n    at async Object.register (/app/src/services/auth.services.js:19:16)\n    at async register (/app/src/controllers/auth.controllers.js:18:29)"}
2025-08-13T10:59:54.247Z [ERROR]: Register user error: null value in column "first_name" of relation "users" violates not-null constraint {"stack":"error: null value in column \"first_name\" of relation \"users\" violates not-null constraint\n    at /app/node_modules/pg-pool/index.js:45:11\n    at process.processTicksAndRejections (node:internal/process/task_queues:95:5)\n    at async createUser (/app/src/models/user.models.js:15:15)\n    at async Object.register (/app/src/services/auth.services.js:19:16)\n    at async register (/app/src/controllers/auth.controllers.js:18:29)"}
2025-08-13T10:59:54.762Z [ERROR]: Register user error: null value in column "first_name" of relation "users" violates not-null constraint {"stack":"error: null value in column \"first_name\" of relation \"users\" violates not-null constraint\n    at /app/node_modules/pg-pool/index.js:45:11\n    at process.processTicksAndRejections (node:internal/process/task_queues:95:5)\n    at async createUser (/app/src/models/user.models.js:15:15)\n    at async Object.register (/app/src/services/auth.services.js:19:16)\n    at async register (/app/src/controllers/auth.controllers.js:18:29)"}
2025-08-13T10:59:55.244Z [ERROR]: Register user error: null value in column "first_name" of relation "users" violates not-null constraint {"stack":"error: null value in column \"first_name\" of relation \"users\" violates not-null constraint\n    at /app/node_modules/pg-pool/index.js:45:11\n    at process.processTicksAndRejections (node:internal/process/task_queues:95:5)\n    at async createUser (/app/src/models/user.models.js:15:15)\n    at async Object.register (/app/src/services/auth.services.js:19:16)\n    at async register (/app/src/controllers/auth.controllers.js:18:29)"}
2025-08-13T10:59:55.376Z [ERROR]: Register user error: null value in column "first_name" of relation "users" violates not-null constraint {"stack":"error: null value in column \"first_name\" of relation \"users\" violates not-null constraint\n    at /app/node_modules/pg-pool/index.js:45:11\n    at process.processTicksAndRejections (node:internal/process/task_queues:95:5)\n    at async createUser (/app/src/models/user.models.js:15:15)\n    at async Object.register (/app/src/services/auth.services.js:19:16)\n    at async register (/app/src/controllers/auth.controllers.js:18:29)"}
2025-08-13T11:06:02.905Z [ERROR]: Register user error: null value in column "first_name" of relation "users" violates not-null constraint {"stack":"error: null value in column \"first_name\" of relation \"users\" violates not-null constraint\n    at /app/node_modules/pg-pool/index.js:45:11\n    at process.processTicksAndRejections (node:internal/process/task_queues:95:5)\n    at async createUser (/app/src/models/user.models.js:15:15)\n    at async Object.register (/app/src/services/auth.services.js:19:16)\n    at async register (/app/src/controllers/auth.controllers.js:18:29)"}
2025-08-17T10:30:03.221Z [ERROR]: Error fetching signed profile picture url during login 
2025-08-20T06:38:22.696Z [ERROR]: error while updating payment 5 to approved status {"stack":"error: syntax error at or near \"updated_at\"\n    at /app/node_modules/pg-pool/index.js:45:11\n    at process.processTicksAndRejections (node:internal/process/task_queues:95:5)\n    at async Object.updatePaymentStatusToApproved (/app/src/models/rentalPayments.models.js:77:17)\n    at async Object.approvePaymentForRental (/app/src/services/rentalPayments.services.js:40:3)\n    at async approvePaymentForRental (/app/src/controllers/rentalPayments.controllers.js:46:37)"}
2025-08-20T07:49:22.622Z [ERROR]: error querying rental payments for rental id 3 {"stack":"error: bind message supplies 2 parameters, but prepared statement \"\" requires 1\n    at /app/node_modules/pg-pool/index.js:45:11\n    at process.processTicksAndRejections (node:internal/process/task_queues:95:5)\n    at async Object.findAllPaymentsByRentalId (/app/src/models/rentalPayments.models.js:38:17)\n    at async Object.getAllRentalPaymentWithTotal (/app/src/services/rentalPayments.services.js:15:26)\n    at async Object.getLiableRentalDetailsWithPayment (/app/src/services/rentals.services.js:36:35)\n    at async getLiableRentalDetailById (/app/src/controllers/rentals.controllers.js:77:37)"}
